<?xml version="1.0" encoding="UTF-8"?>
<!-- Generated by org.testng.reporters.JUnitXMLReporter -->
<testsuite ignored="0" hostname="HYD-LW-17-0351" failures="0" tests="2" name="Error validation Test" time="47.539" errors="0" timestamp="2024-05-15T14:55:05 IST">
  <testcase classname="com.RSA.TestFiles.eCommerce_tc_2" name="FillForm_ErrorValidation" time="6.693"/>
  <testcase classname="com.RSA.TestFiles.eCommerce_tc_2" name="FillForm_PositiveFlow" time="18.946"/>
</testsuite> <!-- Error validation Test -->
